#
# There is insufficient memory for the Java Runtime Environment to continue.
# Native memory allocation (mmap) failed to map 132120576 bytes for G1 virtual space
# Possible reasons:
#   The system is out of physical RAM or swap space
#   The process is running with CompressedOops enabled, and the Java Heap may be blocking the growth of the native heap
# Possible solutions:
#   Reduce memory load on the system
#   Increase physical memory or swap space
#   Check if swap backing store is full
#   Decrease Java heap size (-Xmx/-Xms)
#   Decrease number of Java threads
#   Decrease Java thread stack sizes (-Xss)
#   Set larger code cache with -XX:ReservedCodeCacheSize=
#   JVM is running with Unscaled Compressed Oops mode in which the Java heap is
#     placed in the first 4GB address space. The Java Heap base address is the
#     maximum limit for the native heap growth. Please use -XX:HeapBaseMinAddress
#     to set the Java Heap base and to place the Java Heap above 4GB virtual address.
# This output file may be truncated or incomplete.
#
#  Out of Memory Error (os_windows.cpp:3530), pid=14260, tid=8532
#
# JRE version:  (18.0.2.1+1) (build )
# Java VM: Java HotSpot(TM) 64-Bit Server VM (18.0.2.1+1-1, mixed mode, sharing, tiered, compressed oops, compressed class ptrs, g1 gc, windows-amd64)
# No core dump will be written. Minidumps are not enabled by default on client versions of Windows
#

---------------  S U M M A R Y ------------

Command Line: -agentlib:jdwp=transport=dt_socket,server=n,suspend=y,address=localhost:62289 -XX:+ShowCodeDetailsInExceptionMessages App

Host: 11th Gen Intel(R) Core(TM) i5-1135G7 @ 2.40GHz, 8 cores, 7G,  Windows 11 , 64 bit Build 22000 (10.0.22000.1516)
Time: Wed Feb  8 16:17:56 2023 SE Asia Standard Time elapsed time: 0.016142 seconds (0d 0h 0m 0s)

---------------  T H R E A D  ---------------

Current thread (0x0000023f390e7820):  JavaThread "Unknown thread" [_thread_in_vm, id=8532, stack(0x0000004efbb00000,0x0000004efbc00000)]

Stack: [0x0000004efbb00000,0x0000004efbc00000]
Native frames: (J=compiled Java code, j=interpreted, Vv=VM code, C=native code)
V  [jvm.dll+0x6993aa]
V  [jvm.dll+0x7f46dd]
V  [jvm.dll+0x7f5fee]
V  [jvm.dll+0x7f66a3]
V  [jvm.dll+0x25cf1f]
V  [jvm.dll+0x6962f9]
V  [jvm.dll+0x68ae2a]
V  [jvm.dll+0x32255b]
V  [jvm.dll+0x329f36]
V  [jvm.dll+0x37eade]
V  [jvm.dll+0x37ed0f]
V  [jvm.dll+0x2fa2da]
V  [jvm.dll+0x2fb33d]
V  [jvm.dll+0x7c3310]
V  [jvm.dll+0x38be61]
V  [jvm.dll+0x7a2023]
V  [jvm.dll+0x40dc3f]
V  [jvm.dll+0x40f611]
C  [jli.dll+0x526b]
C  [ucrtbase.dll+0x26c0c]
C  [KERNEL32.DLL+0x155a0]
C  [ntdll.dll+0x485b]


---------------  P R O C E S S  ---------------

Threads class SMR info:
_java_thread_list=0x00007ffd879fe550, length=0, elements={
}

Java Threads: ( => current thread )

Other Threads:
  0x0000023f39145c60 WorkerThread "GC Thread#0" [stack: 0x0000004efbc00000,0x0000004efbd00000] [id=12904]
  0x0000023f39156630 ConcurrentGCThread "G1 Main Marker" [stack: 0x0000004efbd00000,0x0000004efbe00000] [id=24900]
  0x0000023f391577c0 WorkerThread "G1 Conc#0" [stack: 0x0000004efbe00000,0x0000004efbf00000] [id=13624]

[error occurred during error reporting (printing all threads), id 0xc0000005, EXCEPTION_ACCESS_VIOLATION (0xc0000005) at pc=0x00007ffd8722a877]

VM state: not at safepoint (not fully initialized)

VM Mutex/Monitor currently owned by a thread:  ([mutex/lock_event])
[0x0000023f390e2db0] Heap_lock - owner thread: 0x0000023f390e7820

Heap address: 0x0000000083600000, size: 1994 MB, Compressed Oops mode: 32-bit

CDS archive(s) mapped at: [0x0000000000000000-0x0000000000000000-0x0000000000000000), size 0, SharedBaseAddress: 0x0000000800000000, ArchiveRelocationMode: 0.
Narrow klass base: 0x0000000000000000, Narrow klass shift: 0, Narrow klass range: 0x0

GC Precious Log:
 CardTable entry size: 512
 Card Set container configuration: InlinePtr #cards 5 size 8 Array Of Cards #cards 12 size 40 Howl #buckets 4 coarsen threshold 1843 Howl Bitmap #cards 512 size 80 coarsen threshold 460 Card regions per heap region 1 cards per card region 2048

Heap:
 garbage-first heap   total 0K, used 0K [0x0000000083600000, 0x0000000100000000)
  region size 1024K, 0 young (0K), 0 survivors (0K)

[error occurred during error reporting (printing heap information), id 0xc0000005, EXCEPTION_ACCESS_VIOLATION (0xc0000005) at pc=0x00007ffd87611839]

GC Heap History (0 events):
No events

Deoptimization events (0 events):
No events

Classes loaded (0 events):
No events

Classes unloaded (0 events):
No events

Classes redefined (0 events):
No events

Internal exceptions (0 events):
No events

VM Operations (0 events):
No events

Events (1 events):
Event: 0.010 Loaded shared library C:\Program Files\Java\jdk-18.0.2.1\bin\java.dll


Dynamic libraries:
0x00007ff765160000 - 0x00007ff765170000 	C:\Program Files\Java\jdk-18.0.2.1\bin\java.exe
0x00007ffe3e140000 - 0x00007ffe3e349000 	C:\WINDOWS\SYSTEM32\ntdll.dll
0x00007ffe3c880000 - 0x00007ffe3c93e000 	C:\WINDOWS\System32\KERNEL32.DLL
0x00007ffe3bb20000 - 0x00007ffe3be9c000 	C:\WINDOWS\System32\KERNELBASE.dll
0x00007ffe3ba00000 - 0x00007ffe3bb11000 	C:\WINDOWS\System32\ucrtbase.dll
0x00007ffe258c0000 - 0x00007ffe258da000 	C:\Program Files\Java\jdk-18.0.2.1\bin\VCRUNTIME140.dll
0x00007ffe1bad0000 - 0x00007ffe1bae8000 	C:\Program Files\Java\jdk-18.0.2.1\bin\jli.dll
0x00007ffe3dbd0000 - 0x00007ffe3dc7e000 	C:\WINDOWS\System32\ADVAPI32.dll
0x00007ffe3de90000 - 0x00007ffe3df33000 	C:\WINDOWS\System32\msvcrt.dll
0x00007ffe3c9a0000 - 0x00007ffe3ca3e000 	C:\WINDOWS\System32\sechost.dll
0x00007ffe3bfc0000 - 0x00007ffe3c0e0000 	C:\WINDOWS\System32\RPCRT4.dll
0x00007ffe3c170000 - 0x00007ffe3c31d000 	C:\WINDOWS\System32\USER32.dll
0x00007ffe3b730000 - 0x00007ffe3b756000 	C:\WINDOWS\System32\win32u.dll
0x00007ffe19d00000 - 0x00007ffe19fa5000 	C:\WINDOWS\WinSxS\amd64_microsoft.windows.common-controls_6595b64144ccf1df_6.0.22000.120_none_9d947278b86cc467\COMCTL32.dll
0x00007ffe3dc80000 - 0x00007ffe3dca9000 	C:\WINDOWS\System32\GDI32.dll
0x00007ffe3b610000 - 0x00007ffe3b728000 	C:\WINDOWS\System32\gdi32full.dll
0x00007ffe3bea0000 - 0x00007ffe3bf3d000 	C:\WINDOWS\System32\msvcp_win.dll
0x00007ffe35240000 - 0x00007ffe3524a000 	C:\WINDOWS\SYSTEM32\VERSION.dll
0x00007ffe3cd40000 - 0x00007ffe3cd72000 	C:\WINDOWS\System32\IMM32.DLL
0x00007ffe377d0000 - 0x00007ffe377dc000 	C:\Program Files\Java\jdk-18.0.2.1\bin\vcruntime140_1.dll
0x00007ffde5e60000 - 0x00007ffde5eed000 	C:\Program Files\Java\jdk-18.0.2.1\bin\msvcp140.dll
0x00007ffd86f20000 - 0x00007ffd87b31000 	C:\Program Files\Java\jdk-18.0.2.1\bin\server\jvm.dll
0x00007ffe3cd80000 - 0x00007ffe3cd88000 	C:\WINDOWS\System32\PSAPI.DLL
0x00007ffe1fe40000 - 0x00007ffe1fe49000 	C:\WINDOWS\SYSTEM32\WSOCK32.dll
0x00007ffe36020000 - 0x00007ffe36053000 	C:\WINDOWS\SYSTEM32\WINMM.dll
0x00007ffe3d390000 - 0x00007ffe3d3ff000 	C:\WINDOWS\System32\WS2_32.dll
0x00007ffe3a660000 - 0x00007ffe3a678000 	C:\WINDOWS\SYSTEM32\kernel.appcore.dll
0x00007ffe26890000 - 0x00007ffe2689a000 	C:\Program Files\Java\jdk-18.0.2.1\bin\jimage.dll
0x00007ffe386b0000 - 0x00007ffe388d1000 	C:\WINDOWS\SYSTEM32\DBGHELP.DLL
0x00007ffe1fe50000 - 0x00007ffe1fe81000 	C:\WINDOWS\SYSTEM32\dbgcore.DLL
0x00007ffe3bf40000 - 0x00007ffe3bfbf000 	C:\WINDOWS\System32\bcryptPrimitives.dll
0x00007ffe14230000 - 0x00007ffe1426b000 	C:\Program Files\Java\jdk-18.0.2.1\bin\jdwp.dll
0x00007ffdf3170000 - 0x00007ffdf3195000 	C:\Program Files\Java\jdk-18.0.2.1\bin\java.dll

dbghelp: loaded successfully - version: 4.0.5 - missing functions: none
symbol engine: initialized successfully - sym options: 0x614 - pdb path: .;C:\Program Files\Java\jdk-18.0.2.1\bin;C:\WINDOWS\SYSTEM32;C:\WINDOWS\WinSxS\amd64_microsoft.windows.common-controls_6595b64144ccf1df_6.0.22000.120_none_9d947278b86cc467;C:\Program Files\Java\jdk-18.0.2.1\bin\server

VM Arguments:
jvm_args: -agentlib:jdwp=transport=dt_socket,server=n,suspend=y,address=localhost:62289 -XX:+ShowCodeDetailsInExceptionMessages 
java_command: App
java_class_path (initial): E:\JAVA\Project-java\KicuyStorageRoom\bin;c:\Program Files\mysql-connector-j-8.0.32\mysql-connector-j-8.0.32.jar
Launcher Type: SUN_STANDARD

[Global flags]
     intx CICompilerCount                          = 4                                         {product} {ergonomic}
     uint ConcGCThreads                            = 2                                         {product} {ergonomic}
     uint G1ConcRefinementThreads                  = 8                                         {product} {ergonomic}
   size_t G1HeapRegionSize                         = 1048576                                   {product} {ergonomic}
    uintx GCDrainStackTargetSize                   = 64                                        {product} {ergonomic}
   size_t InitialHeapSize                          = 132120576                                 {product} {ergonomic}
   size_t MarkStackSize                            = 4194304                                   {product} {ergonomic}
   size_t MaxHeapSize                              = 2090860544                                {product} {ergonomic}
   size_t MinHeapDeltaBytes                        = 1048576                                   {product} {ergonomic}
   size_t MinHeapSize                              = 8388608                                   {product} {ergonomic}
    uintx NonNMethodCodeHeapSize                   = 5839372                                {pd product} {ergonomic}
    uintx NonProfiledCodeHeapSize                  = 122909434                              {pd product} {ergonomic}
    uintx ProfiledCodeHeapSize                     = 122909434                              {pd product} {ergonomic}
    uintx ReservedCodeCacheSize                    = 251658240                              {pd product} {ergonomic}
     bool SegmentedCodeCache                       = true                                      {product} {ergonomic}
     bool ShowCodeDetailsInExceptionMessages       = true                                   {manageable} {command line}
   size_t SoftMaxHeapSize                          = 2090860544                             {manageable} {ergonomic}
     bool UseCompressedClassPointers               = true                           {product lp64_product} {ergonomic}
     bool UseCompressedOops                        = true                           {product lp64_product} {ergonomic}
     bool UseG1GC                                  = true                                      {product} {ergonomic}
     bool UseLargePagesIndividualAllocation        = false                                  {pd product} {ergonomic}

Logging:
Log output configuration:
 #0: stdout all=warning uptime,level,tags foldmultilines=false
 #1: stderr all=off uptime,level,tags foldmultilines=false

Environment Variables:
JAVA_HOME=C:\Program Files\Java\jdk-18.0.2.1\bin
PATH=C:\Program Files\PowerShell\7;C:\Users\dani\AppData\Local\Programs\Python\Python310\Scripts\;C:\Users\dani\AppData\Local\Programs\Python\Python310\;C:\Program Files\Common Files\Oracle\Java\javapath;C:\Program Files (x86)\Common Files\Oracle\Java\javapath;C:\ProgramData\Oracle\Java\javapath;C:\WINDOWS\system32;C:\WINDOWS;C:\WINDOWS\System32\Wbem;C:\WINDOWS\System32\WindowsPowerShell\v1.0\;C:\WINDOWS\System32\OpenSSH\;C:\xampp\php;C:\ProgramData\ComposerSetup\bin;C:\Program Files\dotnet\;C:\ProgramData\chocolatey\bin;%NVM_HOME%;%NVM_SYMLINK%;C:\Program Files\Git\cmd;C:\Program Files\PowerShell\7\;C:\Program Files\Java\jdk-18.0.2.1\bin;C:\Users\dani\AppData\Local\Programs\Microsoft VS Code\bin;C:\Users\dani\AppData\Local\Programs\Hyper\resources\bin;C:\Program Files\JetBrains\PyCharm 2022.2.2\bin;;C:\Program Files\JetBrains\PyCharm Community Edition 2022.2.2\bin;;C:\Users\dani\AppData\Roaming\npm;C:\Program Files\JetBrains\IntelliJ IDEA Community Edition 2022.2.3\bin;;C:\tools\dart-sdk\bin;C:\Users\dani\AppData\Roaming\Pub\Cache\bin;C:\Users\dani\AppData\Local\Programs\oh-my-posh\bin;C:\Users\dani\AppData\Roaming\nvm;C:\Program Files\nodejs;C:\Program Files\heroku\bin
USERNAME=dani
LANG=en_US.UTF-8
OS=Windows_NT
PROCESSOR_IDENTIFIER=Intel64 Family 6 Model 140 Stepping 1, GenuineIntel



---------------  S Y S T E M  ---------------

OS:
 Windows 11 , 64 bit Build 22000 (10.0.22000.1516)
OS uptime: 0 days 7:48 hours
Hyper-V role detected

CPU: total 8 (initial active 8) (4 cores per cpu, 2 threads per core) family 6 model 140 stepping 1 microcode 0xa4, cx8, cmov, fxsr, ht, mmx, 3dnowpref, sse, sse2, sse3, ssse3, sse4.1, sse4.2, popcnt, lzcnt, tsc, tscinvbit, avx, avx2, aes, erms, clmul, bmi1, bmi2, adx, avx512f, avx512dq, avx512cd, avx512bw, avx512vl, sha, fma, vzeroupper, avx512_vpopcntdq, avx512_vpclmulqdq, avx512_vaes, avx512_vnni, clflush, clflushopt, clwb, avx512_vbmi2, avx512_vbmi, hv

Memory: 4k page, system-wide physical 7975M (4119M free)
TotalPageFile size 20263M (AvailPageFile size 86M)
current process WorkingSet (physical memory assigned to process): 10M, peak: 10M
current process commit charge ("private bytes"): 60M, peak: 186M

vm_info: Java HotSpot(TM) 64-Bit Server VM (18.0.2.1+1-1) for windows-amd64 JRE (18.0.2.1+1-1), built on Aug 16 2022 01:46:33 by "mach5one" with MS VC++ 16.8 / 16.9 (VS2019)

END.
